<?xml version="1.0" encoding="UTF-8"?>
<testng-results ignored="0" total="0" passed="0" failed="0" skipped="0">
  <reporter-output>
  </reporter-output>
  <suite started-at="2021-11-05T20:55:10 GMT+02:00" name="utilities.TestBaseRapor" finished-at="2021-11-05T20:55:10 GMT+02:00" duration-ms="16">
    <groups>
    </groups>
    <test started-at="2021-11-05T20:55:10 GMT+02:00" name="Command line test" finished-at="2021-11-05T20:55:10 GMT+02:00" duration-ms="16">
    </test> <!-- Command line test -->
  </suite> <!-- utilities.TestBaseRapor -->
</testng-results>
